<?xml version="1.0" encoding="utf-8"?><testsuites><testsuite name="pytest" errors="0" failures="0" skipped="0" tests="16" time="4.059" timestamp="2025-03-14T13:27:34.442255+00:00" hostname="fv-az1278-694"><testcase classname="modules.backend_tests.tests.negative.test_invalid_requests" name="test_get_comments_for_invalid_post_id[Fetching comments for a non-existent post ID-9999]" time="0.285" /><testcase classname="modules.backend_tests.tests.negative.test_invalid_requests" name="test_get_comments_for_invalid_post_id[Fetching comments for an empty post ID-]" time="0.280" /><testcase classname="modules.backend_tests.tests.negative.test_invalid_requests" name="test_unexpected_status_codes[Fetching posts for user Samantha-Samantha]" time="2.688" /><testcase classname="modules.backend_tests.tests.functional.test_user_comments" name="test_get_user_with_posts[Fetching posts for user Samantha-Samantha]" time="0.312" /><testcase classname="modules.backend_tests.tests.negative.test_invalid_requests" name="test_get_comments_for_invalid_post_id[Fetching comments for an arbitrary invalid post ID-asdad]" time="0.222" /><testcase classname="modules.backend_tests.tests.negative.test_invalid_requests" name="test_get_comments_for_invalid_post_id[Fetching comments for an invalid post ID (string)-abc]" time="0.221" /><testcase classname="modules.backend_tests.tests.functional.test_user_comments" name="test_get_comments_for_valid_posts[Fetching posts for user Samantha-Samantha]" time="2.370" /><testcase classname="modules.backend_tests.tests.performance.test_performance" name="test_large_api_response[Fetching posts for user Samantha-Samantha]" time="2.139" /><testcase classname="modules.backend_tests.tests.performance.test_performance" name="test_api_response_time[Fetching posts for user Samantha-Samantha]" time="2.174" /><testcase classname="modules.backend_tests.tests.validation.test_comment_data" name="test_validate_comment_values[Fetching posts for user Samantha-Samantha]" time="0.361" /><testcase classname="modules.backend_tests.tests.validation.test_comment_data" name="test_validate_comment_structure[Fetching posts for user Samantha-Samantha]" time="0.339" /><testcase classname="modules.backend_tests.tests.negative.test_invalid_requests" name="test_unexpected_server_errors[Fetching posts for user Samantha-Samantha]" time="0.336" /><testcase classname="modules.backend_tests.tests.validation.test_comment_data" name="test_comments_missing_required_fields[Fetching posts for user Samantha-Samantha]" time="0.331" /><testcase classname="modules.backend_tests.tests.validation.test_comment_data" name="test_comments_unexpected_extra_fields[Fetching posts for user Samantha-Samantha]" time="0.309" /><testcase classname="modules.backend_tests.tests.validation.test_comment_data" name="test_no_duplicate_comments[Fetching posts for user Samantha-Samantha]" time="0.327" /><testcase classname="modules.backend_tests.tests.validation.test_comment_data" name="test_validate_email_format_in_comments[Fetching posts for user Samantha-Samantha]" time="0.361" /></testsuite></testsuites>