<?xml version="1.0" encoding="utf-8"?><testsuites><testsuite name="pytest" errors="0" failures="0" skipped="0" tests="16" time="2.564" timestamp="2025-03-14T13:21:49.490969+00:00" hostname="fv-az1390-666"><testcase classname="modules.backend_tests.tests.negative.test_invalid_requests" name="test_get_comments_for_invalid_post_id[Fetching comments for an empty post ID-]" time="0.135" /><testcase classname="modules.backend_tests.tests.negative.test_invalid_requests" name="test_get_comments_for_invalid_post_id[Fetching comments for a non-existent post ID-9999]" time="0.144" /><testcase classname="modules.backend_tests.tests.negative.test_invalid_requests" name="test_unexpected_status_codes[Fetching posts for user Samantha-Samantha]" time="0.627" /><testcase classname="modules.backend_tests.tests.functional.test_user_comments" name="test_get_user_with_posts[Fetching posts for user Samantha-Samantha]" time="0.187" /><testcase classname="modules.backend_tests.tests.negative.test_invalid_requests" name="test_get_comments_for_invalid_post_id[Fetching comments for an arbitrary invalid post ID-asdad]" time="0.052" /><testcase classname="modules.backend_tests.tests.negative.test_invalid_requests" name="test_get_comments_for_invalid_post_id[Fetching comments for an invalid post ID (string)-abc]" time="0.049" /><testcase classname="modules.backend_tests.tests.functional.test_user_comments" name="test_get_comments_for_valid_posts[Fetching posts for user Samantha-Samantha]" time="0.530" /><testcase classname="modules.backend_tests.tests.performance.test_performance" name="test_large_api_response[Fetching posts for user Samantha-Samantha]" time="0.536" /><testcase classname="modules.backend_tests.tests.performance.test_performance" name="test_api_response_time[Fetching posts for user Samantha-Samantha]" time="0.512" /><testcase classname="modules.backend_tests.tests.negative.test_invalid_requests" name="test_unexpected_server_errors[Fetching posts for user Samantha-Samantha]" time="0.492" /><testcase classname="modules.backend_tests.tests.validation.test_comment_data" name="test_comments_missing_required_fields[Fetching posts for user Samantha-Samantha]" time="0.499" /><testcase classname="modules.backend_tests.tests.validation.test_comment_data" name="test_validate_comment_structure[Fetching posts for user Samantha-Samantha]" time="0.554" /><testcase classname="modules.backend_tests.tests.validation.test_comment_data" name="test_validate_comment_values[Fetching posts for user Samantha-Samantha]" time="0.499" /><testcase classname="modules.backend_tests.tests.validation.test_comment_data" name="test_comments_unexpected_extra_fields[Fetching posts for user Samantha-Samantha]" time="0.536" /><testcase classname="modules.backend_tests.tests.validation.test_comment_data" name="test_validate_email_format_in_comments[Fetching posts for user Samantha-Samantha]" time="0.483" /><testcase classname="modules.backend_tests.tests.validation.test_comment_data" name="test_no_duplicate_comments[Fetching posts for user Samantha-Samantha]" time="0.580" /></testsuite></testsuites>